[INFO ] 2021-11-13 18:25:19.117 [main] BaseClass - User Name Provided
[INFO ] 2021-11-13 18:25:19.186 [main] BaseClass - Password Provided
[INFO ] 2021-11-13 18:25:22.522 [main] BaseClass - Login Clicked
[INFO ] 2021-11-13 18:25:22.549 [main] BaseClass - Login passed
[INFO ] 2021-11-13 18:25:24.014 [main] BaseClass - User Name Provided
[INFO ] 2021-11-13 18:25:24.067 [main] BaseClass - Password Provided
[INFO ] 2021-11-13 18:25:24.473 [main] BaseClass - Login Clicked
[INFO ] 2021-11-13 18:25:24.581 [main] BaseClass - Login passed
[INFO ] 2021-11-13 18:25:30.149 [main] BaseClass - User Name Provided
[INFO ] 2021-11-13 18:25:30.211 [main] BaseClass - Password Provided
[INFO ] 2021-11-13 18:25:31.484 [main] BaseClass - Login Clicked
[INFO ] 2021-11-13 18:25:31.492 [main] BaseClass - Login passed
[INFO ] 2021-11-13 18:25:33.276 [main] BaseClass - User Name Provided
[INFO ] 2021-11-13 18:25:33.353 [main] BaseClass - Password Provided
[INFO ] 2021-11-13 18:25:33.859 [main] BaseClass - Login Clicked
[INFO ] 2021-11-13 18:25:34.039 [main] BaseClass - Login passed
[INFO ] 2021-11-17 09:34:21.402 [main] BaseClass - User Name Provided
[INFO ] 2021-11-17 09:34:21.490 [main] BaseClass - Password Provided
[INFO ] 2021-11-17 09:34:25.017 [main] BaseClass - Login Clicked
[INFO ] 2021-11-17 09:34:25.027 [main] BaseClass - Login passed
[INFO ] 2021-11-17 09:34:25.842 [main] BaseClass - User Name Provided
[INFO ] 2021-11-17 09:34:25.924 [main] BaseClass - Password Provided
[INFO ] 2021-11-17 09:34:26.133 [main] BaseClass - Login Clicked
[INFO ] 2021-11-17 09:34:26.262 [main] BaseClass - Login passed
[INFO ] 2021-11-17 09:34:31.661 [main] BaseClass - User Name Provided
[INFO ] 2021-11-17 09:34:31.747 [main] BaseClass - Password Provided
[INFO ] 2021-11-17 09:34:33.080 [main] BaseClass - Login Clicked
[INFO ] 2021-11-17 09:34:33.097 [main] BaseClass - Login passed
[INFO ] 2021-11-17 09:34:34.737 [main] BaseClass - User Name Provided
[INFO ] 2021-11-17 09:34:34.845 [main] BaseClass - Password Provided
[INFO ] 2021-11-17 09:34:35.121 [main] BaseClass - Login Clicked
[INFO ] 2021-11-17 09:34:35.293 [main] BaseClass - Login passed
[INFO ] 2021-11-17 17:06:46.110 [main] BaseClass - User Name Provided
[INFO ] 2021-11-17 17:06:46.171 [main] BaseClass - Password Provided
[INFO ] 2021-11-17 17:06:52.831 [main] BaseClass - Login Clicked
[INFO ] 2021-11-17 17:06:52.843 [main] BaseClass - Login passed
[INFO ] 2021-11-17 17:06:53.694 [main] BaseClass - User Name Provided
[INFO ] 2021-11-17 17:06:53.752 [main] BaseClass - Password Provided
[INFO ] 2021-11-17 17:06:53.971 [main] BaseClass - Login Clicked
[INFO ] 2021-11-17 17:06:54.082 [main] BaseClass - Login passed
[INFO ] 2021-11-17 17:06:59.475 [main] BaseClass - User Name Provided
[INFO ] 2021-11-17 17:06:59.535 [main] BaseClass - Password Provided
[INFO ] 2021-11-17 17:07:00.758 [main] BaseClass - Login Clicked
[INFO ] 2021-11-17 17:07:00.772 [main] BaseClass - Login passed
[INFO ] 2021-11-17 17:07:02.269 [main] BaseClass - User Name Provided
[INFO ] 2021-11-17 17:07:02.328 [main] BaseClass - Password Provided
[INFO ] 2021-11-17 17:07:02.756 [main] BaseClass - Login Clicked
[INFO ] 2021-11-17 17:07:02.868 [main] BaseClass - Login passed
[INFO ] 2021-11-17 17:07:08.243 [main] BaseClass - User Name Provided
[INFO ] 2021-11-17 17:07:08.297 [main] BaseClass - Password Provided
[INFO ] 2021-11-17 17:07:09.212 [main] BaseClass - Login Clicked
[INFO ] 2021-11-17 17:07:09.222 [main] BaseClass - Login passed
[INFO ] 2021-11-17 17:07:10.746 [main] BaseClass - User Name Provided
[INFO ] 2021-11-17 17:07:10.808 [main] BaseClass - Password Provided
[INFO ] 2021-11-17 17:07:11.743 [main] BaseClass - Login Clicked
[INFO ] 2021-11-17 17:07:11.759 [main] BaseClass - Login passed
[INFO ] 2021-11-17 17:07:12.721 [main] BaseClass - User Name Provided
[INFO ] 2021-11-17 17:07:12.793 [main] BaseClass - Password Provided
[INFO ] 2021-11-17 17:07:13.467 [main] BaseClass - Login Clicked
[INFO ] 2021-11-17 17:07:13.475 [main] BaseClass - Login passed
[INFO ] 2021-11-17 17:07:14.969 [main] BaseClass - User Name Provided
[INFO ] 2021-11-17 17:07:15.003 [main] BaseClass - Password Provided
[INFO ] 2021-11-17 17:07:15.477 [main] BaseClass - Login Clicked
[INFO ] 2021-11-17 17:07:15.581 [main] BaseClass - Login passed
[INFO ] 2021-11-20 13:05:10.483 [main] BaseClass - URL is invoked - https://my.crmnext.com/crmnext/login/login
[INFO ] 2021-11-20 13:05:10.760 [main] BaseClass - User Name is entered - ritesh.mittal@crmnext.com
[INFO ] 2021-11-20 13:05:10.872 [main] BaseClass - Password is entered - V_vteam11
[INFO ] 2021-11-20 13:05:15.432 [main] BaseClass - Login Button Clicked
[INFO ] 2021-11-20 13:05:19.895 [main] BaseClass - User Name Provided
[INFO ] 2021-11-20 13:05:20.006 [main] BaseClass - Password Provided
[INFO ] 2021-11-20 13:05:23.415 [main] BaseClass - Login Clicked
[INFO ] 2021-11-20 13:05:23.496 [main] BaseClass - Login passed
[INFO ] 2021-11-20 13:05:24.702 [main] BaseClass - User Name Provided
[INFO ] 2021-11-20 13:05:24.793 [main] BaseClass - Password Provided
[INFO ] 2021-11-20 13:05:25.077 [main] BaseClass - Login Clicked
[INFO ] 2021-11-20 13:05:25.214 [main] BaseClass - Login passed
[INFO ] 2021-11-20 13:05:30.662 [main] BaseClass - User Name Provided
[INFO ] 2021-11-20 13:05:30.767 [main] BaseClass - Password Provided
[INFO ] 2021-11-20 13:05:32.659 [main] BaseClass - Login Clicked
[INFO ] 2021-11-20 13:05:32.665 [main] BaseClass - Login passed
[INFO ] 2021-11-20 13:05:34.989 [main] BaseClass - User Name Provided
[INFO ] 2021-11-20 13:05:35.099 [main] BaseClass - Password Provided
[INFO ] 2021-11-20 13:05:35.397 [main] BaseClass - Login Clicked
[INFO ] 2021-11-20 13:05:35.566 [main] BaseClass - Login passed
[INFO ] 2021-11-20 13:05:41.043 [main] BaseClass - User Name Provided
[INFO ] 2021-11-20 13:05:41.128 [main] BaseClass - Password Provided
[INFO ] 2021-11-20 13:05:42.354 [main] BaseClass - Login Clicked
[INFO ] 2021-11-20 13:05:42.372 [main] BaseClass - Login passed
[INFO ] 2021-11-20 13:05:44.008 [main] BaseClass - User Name Provided
[INFO ] 2021-11-20 13:05:44.090 [main] BaseClass - Password Provided
[INFO ] 2021-11-20 13:05:44.924 [main] BaseClass - Login Clicked
[INFO ] 2021-11-20 13:05:44.936 [main] BaseClass - Login passed
[INFO ] 2021-11-20 13:05:46.672 [main] BaseClass - User Name Provided
[INFO ] 2021-11-20 13:05:46.776 [main] BaseClass - Password Provided
[INFO ] 2021-11-20 13:05:47.645 [main] BaseClass - Login Clicked
[INFO ] 2021-11-20 13:05:47.667 [main] BaseClass - Login passed
[INFO ] 2021-11-20 13:05:49.357 [main] BaseClass - User Name Provided
[INFO ] 2021-11-20 13:05:49.421 [main] BaseClass - Password Provided
[INFO ] 2021-11-20 13:05:49.857 [main] BaseClass - Login Clicked
[INFO ] 2021-11-20 13:05:50.000 [main] BaseClass - Login passed
[INFO ] 2021-11-20 13:08:01.290 [main] BaseClass - User Name Provided
[INFO ] 2021-11-20 13:08:01.399 [main] BaseClass - Password Provided
[INFO ] 2021-11-20 13:08:03.812 [main] BaseClass - Login Clicked
[INFO ] 2021-11-20 13:08:03.829 [main] BaseClass - Login passed
[INFO ] 2021-11-20 13:08:05.568 [main] BaseClass - User Name Provided
[INFO ] 2021-11-20 13:08:05.664 [main] BaseClass - Password Provided
[INFO ] 2021-11-20 13:08:06.001 [main] BaseClass - Login Clicked
[INFO ] 2021-11-20 13:08:06.007 [main] BaseClass - Login passed
[INFO ] 2021-11-20 13:08:11.699 [main] BaseClass - User Name Provided
[INFO ] 2021-11-20 13:08:11.800 [main] BaseClass - Password Provided
[INFO ] 2021-11-20 13:08:12.853 [main] BaseClass - Login Clicked
[INFO ] 2021-11-20 13:08:12.865 [main] BaseClass - Login passed
[INFO ] 2021-11-20 13:08:14.565 [main] BaseClass - User Name Provided
[INFO ] 2021-11-20 13:08:14.686 [main] BaseClass - Password Provided
[INFO ] 2021-11-20 13:08:14.999 [main] BaseClass - Login Clicked
[INFO ] 2021-11-20 13:08:15.013 [main] BaseClass - Login passed
[INFO ] 2021-11-20 13:08:20.657 [main] BaseClass - User Name Provided
[INFO ] 2021-11-20 13:08:20.764 [main] BaseClass - Password Provided
[INFO ] 2021-11-20 13:08:21.757 [main] BaseClass - Login Clicked
[INFO ] 2021-11-20 13:08:21.763 [main] BaseClass - Login passed
[INFO ] 2021-11-20 13:08:23.429 [main] BaseClass - User Name Provided
[INFO ] 2021-11-20 13:08:23.649 [main] BaseClass - Password Provided
[INFO ] 2021-11-20 13:08:24.806 [main] BaseClass - Login Clicked
[INFO ] 2021-11-20 13:08:24.815 [main] BaseClass - Login passed
[INFO ] 2021-11-20 13:08:25.955 [main] BaseClass - User Name Provided
[INFO ] 2021-11-20 13:08:26.062 [main] BaseClass - Password Provided
[INFO ] 2021-11-20 13:08:26.825 [main] BaseClass - Login Clicked
[INFO ] 2021-11-20 13:08:26.845 [main] BaseClass - Login passed
[INFO ] 2021-11-20 13:08:27.906 [main] BaseClass - User Name Provided
[INFO ] 2021-11-20 13:08:28.005 [main] BaseClass - Password Provided
[INFO ] 2021-11-20 13:08:28.379 [main] BaseClass - Login Clicked
[INFO ] 2021-11-20 13:08:28.514 [main] BaseClass - Login passed
[INFO ] 2021-11-20 13:08:36.697 [main] BaseClass - URL is invoked - https://my.crmnext.com/crmnext/login/login
[INFO ] 2021-11-20 13:08:36.928 [main] BaseClass - User Name is entered - ritesh.mittal@crmnext.com
[INFO ] 2021-11-20 13:08:37.020 [main] BaseClass - Password is entered - V_vteam11
[INFO ] 2021-11-20 13:08:39.006 [main] BaseClass - Login Button Clicked
[INFO ] 2021-11-20 13:08:39.019 [main] BaseClass - Login Successful
[INFO ] 2021-11-20 13:15:01.201 [main] BaseClass - URL is invoked - https://my.crmnext.com/crmnext/login/login
[INFO ] 2021-11-20 13:15:01.385 [main] BaseClass - User Name is entered - ritesh.mittal@crmnext.com
[INFO ] 2021-11-20 13:15:01.499 [main] BaseClass - Password is entered - V_vteam11
[INFO ] 2021-11-20 13:15:06.005 [main] BaseClass - Login Button Clicked
[INFO ] 2021-11-20 13:15:06.027 [main] BaseClass - Login Successful
[INFO ] 2021-11-20 13:17:15.542 [main] BaseClass - URL is invoked - https://my.crmnext.com/crmnext/login/login
[INFO ] 2021-11-20 13:17:15.770 [main] BaseClass - User Name is entered - ritesh.mittal@crmnext.com
[INFO ] 2021-11-20 13:17:15.900 [main] BaseClass - Password is entered - V_vteam11
[INFO ] 2021-11-20 13:17:18.058 [main] BaseClass - Login Button Clicked
[INFO ] 2021-11-20 13:17:18.082 [main] BaseClass - Login Successful
[INFO ] 2021-11-20 16:24:37.760 [main] BaseClass - URL is invoked - https://my.crmnext.com/crmnext/login/login
[INFO ] 2021-11-20 16:24:38.111 [main] BaseClass - User Name is entered - ritesh.mittal@crmnext.com
[INFO ] 2021-11-20 16:24:38.258 [main] BaseClass - Password is entered - V_vteam11
[INFO ] 2021-11-20 16:24:41.475 [main] BaseClass - Login Button Clicked
[INFO ] 2021-11-20 16:24:41.525 [main] BaseClass - Login Successful
[INFO ] 2021-11-20 16:24:47.552 [main] BaseClass - User Name Provided
[INFO ] 2021-11-20 16:24:47.684 [main] BaseClass - Password Provided
[INFO ] 2021-11-20 16:24:50.248 [main] BaseClass - Login Clicked
[INFO ] 2021-11-20 16:24:50.276 [main] BaseClass - Login passed
[INFO ] 2021-11-20 16:24:52.260 [main] BaseClass - User Name Provided
[INFO ] 2021-11-20 16:24:52.406 [main] BaseClass - Password Provided
[INFO ] 2021-11-20 16:24:52.831 [main] BaseClass - Login Clicked
[INFO ] 2021-11-20 16:24:53.068 [main] BaseClass - Login passed
[INFO ] 2021-11-20 16:24:58.732 [main] BaseClass - User Name Provided
[INFO ] 2021-11-20 16:24:58.844 [main] BaseClass - Password Provided
[INFO ] 2021-11-20 16:25:01.697 [main] BaseClass - Login Clicked
[INFO ] 2021-11-20 16:25:01.741 [main] BaseClass - Login passed
[INFO ] 2021-11-20 16:25:03.687 [main] BaseClass - User Name Provided
[INFO ] 2021-11-20 16:25:03.845 [main] BaseClass - Password Provided
[INFO ] 2021-11-20 16:25:04.341 [main] BaseClass - Login Clicked
[INFO ] 2021-11-20 16:25:04.351 [main] BaseClass - Login passed
[INFO ] 2021-11-20 16:25:10.249 [main] BaseClass - User Name Provided
[INFO ] 2021-11-20 16:25:10.359 [main] BaseClass - Password Provided
[INFO ] 2021-11-20 16:25:12.139 [main] BaseClass - Login Clicked
[INFO ] 2021-11-20 16:25:12.161 [main] BaseClass - Login passed
[INFO ] 2021-11-20 16:25:13.910 [main] BaseClass - User Name Provided
[INFO ] 2021-11-20 16:25:14.051 [main] BaseClass - Password Provided
[INFO ] 2021-11-20 16:25:15.634 [main] BaseClass - Login Clicked
[INFO ] 2021-11-20 16:25:15.662 [main] BaseClass - Login passed
[INFO ] 2021-11-20 16:25:17.544 [main] BaseClass - User Name Provided
[INFO ] 2021-11-20 16:25:17.665 [main] BaseClass - Password Provided
[INFO ] 2021-11-20 16:25:18.975 [main] BaseClass - Login Clicked
[INFO ] 2021-11-20 16:25:18.993 [main] BaseClass - Login passed
[INFO ] 2021-11-20 16:25:21.106 [main] BaseClass - User Name Provided
[INFO ] 2021-11-20 16:25:21.192 [main] BaseClass - Password Provided
[INFO ] 2021-11-20 16:25:21.577 [main] BaseClass - Login Clicked
[INFO ] 2021-11-20 16:25:21.836 [main] BaseClass - Login passed
[INFO ] 2021-11-20 17:09:42.616 [main] BaseClass - URL is invoked - https://my.crmnext.com/crmnext/login/login
[INFO ] 2021-11-20 17:09:45.190 [main] BaseClass - User Name is entered - ritesh.mittal@crmnext.com
[INFO ] 2021-11-20 17:09:45.271 [main] BaseClass - Password is entered - V_vteam11
[INFO ] 2021-11-20 17:09:48.304 [main] BaseClass - Login Button Clicked
[INFO ] 2021-11-20 17:09:48.330 [main] BaseClass - Login Successful
[INFO ] 2021-11-20 17:09:49.073 [main] BaseClass - URL is invoked - https://my.crmnext.com/crmnext/login/login
[INFO ] 2021-11-20 17:09:53.350 [main] BaseClass - User Name Provided
[INFO ] 2021-11-20 17:09:53.432 [main] BaseClass - Password Provided
[INFO ] 2021-11-20 17:09:59.123 [main] BaseClass - Login Clicked
[INFO ] 2021-11-20 17:09:59.137 [main] BaseClass - Login passed
[INFO ] 2021-11-20 17:09:59.867 [main] BaseClass - User Name Provided
[INFO ] 2021-11-20 17:09:59.920 [main] BaseClass - Password Provided
[INFO ] 2021-11-20 17:10:00.102 [main] BaseClass - Login Clicked
[INFO ] 2021-11-20 17:10:00.212 [main] BaseClass - Login passed
[INFO ] 2021-11-20 17:10:05.545 [main] BaseClass - User Name Provided
[INFO ] 2021-11-20 17:10:05.619 [main] BaseClass - Password Provided
[INFO ] 2021-11-20 17:10:06.688 [main] BaseClass - Login Clicked
[INFO ] 2021-11-20 17:10:06.695 [main] BaseClass - Login passed
[INFO ] 2021-11-20 17:10:08.252 [main] BaseClass - User Name Provided
[INFO ] 2021-11-20 17:10:08.314 [main] BaseClass - Password Provided
[INFO ] 2021-11-20 17:10:08.536 [main] BaseClass - Login Clicked
[INFO ] 2021-11-20 17:10:08.675 [main] BaseClass - Login passed
[INFO ] 2021-11-20 17:10:14.031 [main] BaseClass - User Name Provided
[INFO ] 2021-11-20 17:10:14.093 [main] BaseClass - Password Provided
[INFO ] 2021-11-20 17:10:14.885 [main] BaseClass - Login Clicked
[INFO ] 2021-11-20 17:10:14.895 [main] BaseClass - Login passed
[INFO ] 2021-11-20 17:10:15.609 [main] BaseClass - User Name Provided
[INFO ] 2021-11-20 17:10:15.672 [main] BaseClass - Password Provided
[INFO ] 2021-11-20 17:10:16.251 [main] BaseClass - Login Clicked
[INFO ] 2021-11-20 17:10:16.266 [main] BaseClass - Login passed
[INFO ] 2021-11-20 17:10:17.769 [main] BaseClass - User Name Provided
[INFO ] 2021-11-20 17:10:17.824 [main] BaseClass - Password Provided
[INFO ] 2021-11-20 17:10:18.417 [main] BaseClass - Login Clicked
[INFO ] 2021-11-20 17:10:18.435 [main] BaseClass - Login passed
[INFO ] 2021-11-20 17:10:19.955 [main] BaseClass - User Name Provided
[INFO ] 2021-11-20 17:10:19.993 [main] BaseClass - Password Provided
[INFO ] 2021-11-20 17:10:20.224 [main] BaseClass - Login Clicked
[INFO ] 2021-11-20 17:10:20.330 [main] BaseClass - Login passed
[INFO ] 2021-11-20 17:12:24.846 [main] BaseClass - URL is invoked - https://my.crmnext.com/crmnext/login/login
[INFO ] 2021-11-20 17:12:27.981 [main] BaseClass - User Name is entered - ritesh.mittal@crmnext.com
[INFO ] 2021-11-20 17:12:28.049 [main] BaseClass - Password is entered - V_vteam11
[INFO ] 2021-11-20 17:12:30.504 [main] BaseClass - Login Button Clicked
[INFO ] 2021-11-20 17:12:30.528 [main] BaseClass - Login Successful
[INFO ] 2021-11-20 17:12:31.281 [main] BaseClass - URL is invoked - https://my.crmnext.com/crmnext/login/login
[INFO ] 2021-11-20 17:12:34.063 [main] BaseClass - User Name Provided
[INFO ] 2021-11-20 17:12:34.133 [main] BaseClass - Password Provided
[INFO ] 2021-11-20 17:12:36.409 [main] BaseClass - Login Clicked
[INFO ] 2021-11-20 17:12:36.418 [main] BaseClass - Login passed
[INFO ] 2021-11-20 17:12:37.152 [main] BaseClass - User Name Provided
[INFO ] 2021-11-20 17:12:37.211 [main] BaseClass - Password Provided
[INFO ] 2021-11-20 17:12:37.381 [main] BaseClass - Login Clicked
[INFO ] 2021-11-20 17:12:37.493 [main] BaseClass - Login passed
[INFO ] 2021-11-20 17:12:42.834 [main] BaseClass - User Name Provided
[INFO ] 2021-11-20 17:12:42.900 [main] BaseClass - Password Provided
[INFO ] 2021-11-20 17:12:44.114 [main] BaseClass - Login Clicked
[INFO ] 2021-11-20 17:12:44.125 [main] BaseClass - Login passed
[INFO ] 2021-11-20 17:12:45.026 [main] BaseClass - User Name Provided
[INFO ] 2021-11-20 17:12:45.102 [main] BaseClass - Password Provided
[INFO ] 2021-11-20 17:12:45.313 [main] BaseClass - Login Clicked
[INFO ] 2021-11-20 17:12:45.442 [main] BaseClass - Login passed
[INFO ] 2021-11-20 17:12:50.773 [main] BaseClass - User Name Provided
[INFO ] 2021-11-20 17:12:50.837 [main] BaseClass - Password Provided
[INFO ] 2021-11-20 17:12:51.619 [main] BaseClass - Login Clicked
[INFO ] 2021-11-20 17:12:51.628 [main] BaseClass - Login passed
[INFO ] 2021-11-20 17:12:53.102 [main] BaseClass - User Name Provided
[INFO ] 2021-11-20 17:12:53.155 [main] BaseClass - Password Provided
[INFO ] 2021-11-20 17:12:53.916 [main] BaseClass - Login Clicked
[INFO ] 2021-11-20 17:12:53.926 [main] BaseClass - Login passed
[INFO ] 2021-11-20 17:12:55.604 [main] BaseClass - User Name Provided
[INFO ] 2021-11-20 17:12:55.663 [main] BaseClass - Password Provided
[INFO ] 2021-11-20 17:12:56.266 [main] BaseClass - Login Clicked
[INFO ] 2021-11-20 17:12:56.283 [main] BaseClass - Login passed
[INFO ] 2021-11-20 17:12:57.035 [main] BaseClass - User Name Provided
[INFO ] 2021-11-20 17:12:57.077 [main] BaseClass - Password Provided
[INFO ] 2021-11-20 17:12:57.279 [main] BaseClass - Login Clicked
[INFO ] 2021-11-20 17:12:57.387 [main] BaseClass - Login passed
[INFO ] 2021-11-20 18:59:42.131 [main] BaseClass - URL is invoked - https://my.crmnext.com/crmnext/login/login
[INFO ] 2021-11-20 18:59:51.090 [main] BaseClass - User Name is entered - ritesh.mittal@crmnext.com
[INFO ] 2021-11-20 18:59:51.159 [main] BaseClass - Password is entered - V_vteam11
[INFO ] 2021-11-20 18:59:53.577 [main] BaseClass - Login Button Clicked
[INFO ] 2021-11-20 18:59:53.590 [main] BaseClass - Login Successful
[INFO ] 2021-11-20 19:11:52.707 [main] BaseClass - URL is invoked - https://my.crmnext.com/crmnext/login/login
[INFO ] 2021-11-20 19:11:55.394 [main] BaseClass - User Name is entered - ritesh.mittal@crmnext.com
[INFO ] 2021-11-20 19:11:55.454 [main] BaseClass - Password is entered - V_vteam11
[INFO ] 2021-11-20 19:11:57.914 [main] BaseClass - Login Button Clicked
[INFO ] 2021-11-20 19:11:57.926 [main] BaseClass - Login Successful
[INFO ] 2021-11-20 19:12:18.683 [main] BaseClass - URL is invoked - https://my.crmnext.com/crmnext/login/login
[INFO ] 2021-11-20 19:12:21.050 [main] BaseClass - User Name is entered - ritesh.mittal@crmnext.com
[INFO ] 2021-11-20 19:12:21.129 [main] BaseClass - Password is entered - V_vteam11
[INFO ] 2021-11-20 19:12:24.005 [main] BaseClass - Login Button Clicked
[INFO ] 2021-11-20 19:12:24.023 [main] BaseClass - Login Successful
[INFO ] 2021-11-20 19:14:26.601 [main] BaseClass - URL is invoked - https://my.crmnext.com/crmnext/login/login
[INFO ] 2021-11-20 19:14:28.942 [main] BaseClass - User Name is entered - ritesh.mittal@crmnext.com
[INFO ] 2021-11-20 19:14:29.009 [main] BaseClass - Password is entered - V_vteam11
[INFO ] 2021-11-20 19:14:31.921 [main] BaseClass - Login Button Clicked
[INFO ] 2021-11-20 19:14:31.937 [main] BaseClass - Login Successful
[INFO ] 2021-11-20 19:16:22.999 [main] BaseClass - URL is invoked - https://my.crmnext.com/crmnext/login/login
[INFO ] 2021-11-20 19:16:25.355 [main] BaseClass - User Name is entered - ritesh.mittal@crmnext.com
[INFO ] 2021-11-20 19:16:25.425 [main] BaseClass - Password is entered - V_vteam11
[INFO ] 2021-11-20 19:16:28.387 [main] BaseClass - Login Button Clicked
[INFO ] 2021-11-20 19:16:28.419 [main] BaseClass - Login Successful
[INFO ] 2021-11-20 19:16:52.046 [main] BaseClass - URL is invoked - https://my.crmnext.com/crmnext/login/login
[INFO ] 2021-11-20 19:16:54.354 [main] BaseClass - User Name is entered - ritesh.mittal@crmnext.com
[INFO ] 2021-11-20 19:16:54.420 [main] BaseClass - Password is entered - V_vteam11
[INFO ] 2021-11-20 19:16:55.858 [main] BaseClass - Login Button Clicked
[INFO ] 2021-11-20 19:16:55.875 [main] BaseClass - Login Successful
[INFO ] 2021-11-20 19:17:56.770 [main] BaseClass - URL is invoked - https://my.crmnext.com/crmnext/login/login
[INFO ] 2021-11-20 19:17:59.106 [main] BaseClass - User Name is entered - ritesh.mittal@crmnext.com
[INFO ] 2021-11-20 19:17:59.172 [main] BaseClass - Password is entered - V_vteam11
[INFO ] 2021-11-20 19:18:01.027 [main] BaseClass - Login Button Clicked
[INFO ] 2021-11-20 19:18:01.041 [main] BaseClass - Login Successful
[INFO ] 2021-11-20 19:21:59.238 [main] BaseClass - URL is invoked - https://my.crmnext.com/crmnext/login/login
[INFO ] 2021-11-20 19:22:01.565 [main] BaseClass - User Name is entered - ritesh.mittal@crmnext.com
[INFO ] 2021-11-20 19:22:01.633 [main] BaseClass - Password is entered - V_vteam11
[INFO ] 2021-11-20 19:22:04.799 [main] BaseClass - Login Button Clicked
[INFO ] 2021-11-20 19:22:04.816 [main] BaseClass - Login Successful
[INFO ] 2021-11-20 19:22:05.490 [main] BaseClass - URL is invoked - https://my.crmnext.com/crmnext/login/login
[INFO ] 2021-11-20 19:22:07.816 [main] BaseClass - User Name Provided
[INFO ] 2021-11-20 19:22:07.879 [main] BaseClass - Password Provided
[INFO ] 2021-11-20 19:22:09.001 [main] BaseClass - Login Clicked
[INFO ] 2021-11-20 19:22:09.024 [main] BaseClass - Login passed
[INFO ] 2021-11-20 19:22:10.530 [main] BaseClass - User Name Provided
[INFO ] 2021-11-20 19:22:10.588 [main] BaseClass - Password Provided
[INFO ] 2021-11-20 19:22:10.783 [main] BaseClass - Login Clicked
[INFO ] 2021-11-20 19:22:10.904 [main] BaseClass - Login passed
[INFO ] 2021-11-20 19:22:16.230 [main] BaseClass - User Name Provided
[INFO ] 2021-11-20 19:22:16.292 [main] BaseClass - Password Provided
[INFO ] 2021-11-20 19:22:17.361 [main] BaseClass - Login Clicked
[INFO ] 2021-11-20 19:22:17.374 [main] BaseClass - Login passed
[INFO ] 2021-11-20 19:22:18.857 [main] BaseClass - User Name Provided
[INFO ] 2021-11-20 19:22:18.916 [main] BaseClass - Password Provided
[INFO ] 2021-11-20 19:22:19.097 [main] BaseClass - Login Clicked
[INFO ] 2021-11-20 19:22:19.216 [main] BaseClass - Login passed
[INFO ] 2021-11-20 19:22:24.564 [main] BaseClass - User Name Provided
[INFO ] 2021-11-20 19:22:24.620 [main] BaseClass - Password Provided
[INFO ] 2021-11-20 19:22:25.407 [main] BaseClass - Login Clicked
[INFO ] 2021-11-20 19:22:25.415 [main] BaseClass - Login passed
[INFO ] 2021-11-20 19:22:26.108 [main] BaseClass - User Name Provided
[INFO ] 2021-11-20 19:22:26.166 [main] BaseClass - Password Provided
[INFO ] 2021-11-20 19:22:26.739 [main] BaseClass - Login Clicked
[INFO ] 2021-11-20 19:22:26.756 [main] BaseClass - Login passed
[INFO ] 2021-11-20 19:22:28.283 [main] BaseClass - User Name Provided
[INFO ] 2021-11-20 19:22:28.334 [main] BaseClass - Password Provided
[INFO ] 2021-11-20 19:22:29.069 [main] BaseClass - Login Clicked
[INFO ] 2021-11-20 19:22:29.084 [main] BaseClass - Login passed
[INFO ] 2021-11-20 19:22:30.590 [main] BaseClass - User Name Provided
[INFO ] 2021-11-20 19:22:30.633 [main] BaseClass - Password Provided
[INFO ] 2021-11-20 19:22:30.947 [main] BaseClass - Login Clicked
[INFO ] 2021-11-20 19:22:31.061 [main] BaseClass - Login passed
[INFO ] 2021-11-20 19:31:24.410 [main] BaseClass - URL is invoked - https://my.crmnext.com/crmnext/login/login
[INFO ] 2021-11-20 19:31:26.761 [main] BaseClass - User Name is entered - ritesh.mittal@crmnext.com
[INFO ] 2021-11-20 19:31:26.833 [main] BaseClass - Password is entered - V_vteam11
[INFO ] 2021-11-20 19:31:29.841 [main] BaseClass - Login Button Clicked
[INFO ] 2021-11-20 19:31:29.858 [main] BaseClass - Login Successful
[INFO ] 2021-11-20 19:31:31.065 [main] BaseClass - URL is invoked - https://my.crmnext.com/crmnext/login/login
[INFO ] 2021-11-20 19:31:33.484 [main] BaseClass - User Name Provided
[INFO ] 2021-11-20 19:31:33.542 [main] BaseClass - Password Provided
[INFO ] 2021-11-20 19:31:35.648 [main] BaseClass - Login Clicked
[INFO ] 2021-11-20 19:31:35.657 [main] BaseClass - Login passed
[INFO ] 2021-11-20 19:31:36.820 [main] BaseClass - User Name Provided
[INFO ] 2021-11-20 19:31:36.876 [main] BaseClass - Password Provided
[INFO ] 2021-11-20 19:31:37.052 [main] BaseClass - Login Clicked
[INFO ] 2021-11-20 19:31:37.169 [main] BaseClass - Login passed
[INFO ] 2021-11-20 19:31:42.521 [main] BaseClass - User Name Provided
[INFO ] 2021-11-20 19:31:42.596 [main] BaseClass - Password Provided
[INFO ] 2021-11-20 19:31:43.646 [main] BaseClass - Login Clicked
[INFO ] 2021-11-20 19:31:43.653 [main] BaseClass - Login passed
[INFO ] 2021-11-20 19:31:44.881 [main] BaseClass - User Name Provided
[INFO ] 2021-11-20 19:31:44.965 [main] BaseClass - Password Provided
[INFO ] 2021-11-20 19:31:45.258 [main] BaseClass - Login Clicked
[INFO ] 2021-11-20 19:31:45.263 [main] BaseClass - Login passed
[INFO ] 2021-11-20 19:31:50.558 [main] BaseClass - User Name Provided
[INFO ] 2021-11-20 19:31:50.613 [main] BaseClass - Password Provided
[INFO ] 2021-11-20 19:31:51.350 [main] BaseClass - Login Clicked
[INFO ] 2021-11-20 19:31:51.369 [main] BaseClass - Login passed
[INFO ] 2021-11-20 19:31:52.508 [main] BaseClass - User Name Provided
[INFO ] 2021-11-20 19:31:52.563 [main] BaseClass - Password Provided
[INFO ] 2021-11-20 19:31:53.123 [main] BaseClass - Login Clicked
[INFO ] 2021-11-20 19:31:53.129 [main] BaseClass - Login passed
[INFO ] 2021-11-20 19:31:54.806 [main] BaseClass - User Name Provided
[INFO ] 2021-11-20 19:31:54.864 [main] BaseClass - Password Provided
[INFO ] 2021-11-20 19:31:55.431 [main] BaseClass - Login Clicked
[INFO ] 2021-11-20 19:31:55.459 [main] BaseClass - Login passed
[INFO ] 2021-11-20 19:31:57.170 [main] BaseClass - User Name Provided
[INFO ] 2021-11-20 19:31:57.211 [main] BaseClass - Password Provided
[INFO ] 2021-11-20 19:31:57.408 [main] BaseClass - Login Clicked
[INFO ] 2021-11-20 19:31:57.521 [main] BaseClass - Login passed
[INFO ] 2021-11-20 21:08:52.042 [main] BaseClass - URL is invoked - https://my.crmnext.com/crmnext/login/login
[INFO ] 2021-11-20 21:09:04.444 [main] BaseClass - User Name is entered - ritesh.mittal@crmnext.com
[INFO ] 2021-11-20 21:09:04.533 [main] BaseClass - Password is entered - V_vteam11
[INFO ] 2021-11-20 21:09:06.678 [main] BaseClass - Login Button Clicked
[INFO ] 2021-11-20 21:09:06.705 [main] BaseClass - Login Successful
[INFO ] 2021-11-20 21:09:12.649 [main] BaseClass - URL is invoked - https://my.crmnext.com/crmnext/login/login
[INFO ] 2021-11-20 21:09:16.432 [main] BaseClass - User Name Provided
[INFO ] 2021-11-20 21:09:16.535 [main] BaseClass - Password Provided
[INFO ] 2021-11-20 21:09:18.085 [main] BaseClass - Login Clicked
[INFO ] 2021-11-20 21:09:18.104 [main] BaseClass - Login passed
[INFO ] 2021-11-20 21:09:19.741 [main] BaseClass - User Name Provided
[INFO ] 2021-11-20 21:09:19.822 [main] BaseClass - Password Provided
[INFO ] 2021-11-20 21:09:20.040 [main] BaseClass - Login Clicked
[INFO ] 2021-11-20 21:09:20.049 [main] BaseClass - Login passed
[INFO ] 2021-11-20 21:09:25.482 [main] BaseClass - User Name Provided
[INFO ] 2021-11-20 21:09:25.553 [main] BaseClass - Password Provided
[INFO ] 2021-11-20 21:09:26.409 [main] BaseClass - Login Clicked
[INFO ] 2021-11-20 21:09:26.413 [main] BaseClass - Login passed
[INFO ] 2021-11-20 21:09:28.101 [main] BaseClass - User Name Provided
[INFO ] 2021-11-20 21:09:28.175 [main] BaseClass - Password Provided
[INFO ] 2021-11-20 21:09:28.369 [main] BaseClass - Login Clicked
[INFO ] 2021-11-20 21:09:28.482 [main] BaseClass - Login passed
[INFO ] 2021-11-20 21:09:33.854 [main] BaseClass - User Name Provided
[INFO ] 2021-11-20 21:09:33.943 [main] BaseClass - Password Provided
[INFO ] 2021-11-20 21:09:34.812 [main] BaseClass - Login Clicked
[INFO ] 2021-11-20 21:09:34.822 [main] BaseClass - Login passed
[INFO ] 2021-11-20 21:09:36.146 [main] BaseClass - User Name Provided
[INFO ] 2021-11-20 21:09:36.213 [main] BaseClass - Password Provided
[INFO ] 2021-11-20 21:09:36.806 [main] BaseClass - Login Clicked
[INFO ] 2021-11-20 21:09:36.826 [main] BaseClass - Login passed
[INFO ] 2021-11-20 21:09:38.517 [main] BaseClass - User Name Provided
[INFO ] 2021-11-20 21:09:38.588 [main] BaseClass - Password Provided
[INFO ] 2021-11-20 21:09:39.391 [main] BaseClass - Login Clicked
[INFO ] 2021-11-20 21:09:39.399 [main] BaseClass - Login passed
[INFO ] 2021-11-20 21:09:41.346 [main] BaseClass - User Name Provided
[INFO ] 2021-11-20 21:09:41.428 [main] BaseClass - Password Provided
[INFO ] 2021-11-20 21:09:41.676 [main] BaseClass - Login Clicked
[INFO ] 2021-11-20 21:09:41.682 [main] BaseClass - Login passed
[INFO ] 2021-11-20 21:12:09.596 [main] BaseClass - URL is invoked - https://my.crmnext.com/crmnext/login/login
[INFO ] 2021-11-20 21:12:12.922 [main] BaseClass - User Name is entered - ritesh.mittal@crmnext.com
[INFO ] 2021-11-20 21:12:12.989 [main] BaseClass - Password is entered - V_vteam11
[INFO ] 2021-11-20 21:12:16.209 [main] BaseClass - Login Button Clicked
[INFO ] 2021-11-20 21:12:16.233 [main] BaseClass - Login Successful
[INFO ] 2021-11-20 21:12:21.640 [main] BaseClass - URL is invoked - https://my.crmnext.com/crmnext/login/login
[INFO ] 2021-11-20 21:12:25.498 [main] BaseClass - User Name Provided
[INFO ] 2021-11-20 21:12:25.570 [main] BaseClass - Password Provided
[INFO ] 2021-11-20 21:12:31.273 [main] BaseClass - Login Clicked
[INFO ] 2021-11-20 21:12:31.285 [main] BaseClass - Login passed
[INFO ] 2021-11-20 21:12:32.700 [main] BaseClass - User Name Provided
[INFO ] 2021-11-20 21:12:32.769 [main] BaseClass - Password Provided
[INFO ] 2021-11-20 21:12:32.960 [main] BaseClass - Login Clicked
[INFO ] 2021-11-20 21:12:33.078 [main] BaseClass - Login passed
[INFO ] 2021-11-20 21:12:38.466 [main] BaseClass - User Name Provided
[INFO ] 2021-11-20 21:12:38.533 [main] BaseClass - Password Provided
[INFO ] 2021-11-20 21:12:39.720 [main] BaseClass - Login Clicked
[INFO ] 2021-11-20 21:12:39.737 [main] BaseClass - Login passed
[INFO ] 2021-11-20 21:12:41.604 [main] BaseClass - User Name Provided
[INFO ] 2021-11-20 21:12:41.669 [main] BaseClass - Password Provided
[INFO ] 2021-11-20 21:12:41.909 [main] BaseClass - Login Clicked
[INFO ] 2021-11-20 21:12:42.030 [main] BaseClass - Login passed
[INFO ] 2021-11-20 21:12:47.377 [main] BaseClass - User Name Provided
[INFO ] 2021-11-20 21:12:47.441 [main] BaseClass - Password Provided
[INFO ] 2021-11-20 21:12:48.324 [main] BaseClass - Login Clicked
[INFO ] 2021-11-20 21:12:48.333 [main] BaseClass - Login passed
[INFO ] 2021-11-20 21:12:50.044 [main] BaseClass - User Name Provided
[INFO ] 2021-11-20 21:12:50.119 [main] BaseClass - Password Provided
[INFO ] 2021-11-20 21:12:50.985 [main] BaseClass - Login Clicked
[INFO ] 2021-11-20 21:12:50.997 [main] BaseClass - Login passed
[INFO ] 2021-11-20 21:12:52.244 [main] BaseClass - User Name Provided
[INFO ] 2021-11-20 21:12:52.310 [main] BaseClass - Password Provided
[INFO ] 2021-11-20 21:12:52.964 [main] BaseClass - Login Clicked
[INFO ] 2021-11-20 21:12:52.981 [main] BaseClass - Login passed
[INFO ] 2021-11-20 21:12:54.265 [main] BaseClass - User Name Provided
[INFO ] 2021-11-20 21:12:54.365 [main] BaseClass - Password Provided
[INFO ] 2021-11-20 21:12:54.630 [main] BaseClass - Login Clicked
[INFO ] 2021-11-20 21:12:54.742 [main] BaseClass - Login passed
[INFO ] 2021-11-20 21:29:54.864 [main] BaseClass - URL is invoked - https://my.crmnext.com/crmnext/login/login
[INFO ] 2021-11-20 21:29:57.709 [main] BaseClass - User Name is entered - ritesh.mittal@crmnext.com
[INFO ] 2021-11-20 21:29:57.783 [main] BaseClass - Password is entered - V_vteam11
[INFO ] 2021-11-20 21:29:59.788 [main] BaseClass - Login Button Clicked
[INFO ] 2021-11-20 21:29:59.811 [main] BaseClass - Login Successful
[INFO ] 2021-11-20 21:30:05.072 [main] BaseClass - URL is invoked - https://my.crmnext.com/crmnext/login/login
[INFO ] 2021-11-20 21:30:08.830 [main] BaseClass - User Name Provided
[INFO ] 2021-11-20 21:30:08.910 [main] BaseClass - Password Provided
[INFO ] 2021-11-20 21:30:12.435 [main] BaseClass - Login Clicked
[INFO ] 2021-11-20 21:30:12.446 [main] BaseClass - Login passed
[INFO ] 2021-11-20 21:30:13.952 [main] BaseClass - User Name Provided
[INFO ] 2021-11-20 21:30:14.019 [main] BaseClass - Password Provided
[INFO ] 2021-11-20 21:30:14.314 [main] BaseClass - Login Clicked
[INFO ] 2021-11-20 21:30:14.320 [main] BaseClass - Login passed
[INFO ] 2021-11-20 21:30:19.654 [main] BaseClass - User Name Provided
[INFO ] 2021-11-20 21:30:19.717 [main] BaseClass - Password Provided
[INFO ] 2021-11-20 21:30:20.569 [main] BaseClass - Login Clicked
[INFO ] 2021-11-20 21:30:20.572 [main] BaseClass - Login passed
[INFO ] 2021-11-20 21:30:22.286 [main] BaseClass - User Name Provided
[INFO ] 2021-11-20 21:30:22.363 [main] BaseClass - Password Provided
[INFO ] 2021-11-20 21:30:22.616 [main] BaseClass - Login Clicked
[INFO ] 2021-11-20 21:30:22.731 [main] BaseClass - Login passed
[INFO ] 2021-11-20 21:30:28.077 [main] BaseClass - User Name Provided
[INFO ] 2021-11-20 21:30:28.143 [main] BaseClass - Password Provided
[INFO ] 2021-11-20 21:30:28.997 [main] BaseClass - Login Clicked
[INFO ] 2021-11-20 21:30:29.004 [main] BaseClass - Login passed
[INFO ] 2021-11-20 21:30:30.413 [main] BaseClass - User Name Provided
[INFO ] 2021-11-20 21:30:30.477 [main] BaseClass - Password Provided
[INFO ] 2021-11-20 21:30:31.140 [main] BaseClass - Login Clicked
[INFO ] 2021-11-20 21:30:31.154 [main] BaseClass - Login passed
[INFO ] 2021-11-20 21:30:32.491 [main] BaseClass - User Name Provided
[INFO ] 2021-11-20 21:30:32.560 [main] BaseClass - Password Provided
[INFO ] 2021-11-20 21:30:33.310 [main] BaseClass - Login Clicked
[INFO ] 2021-11-20 21:30:33.329 [main] BaseClass - Login passed
[INFO ] 2021-11-20 21:30:34.713 [main] BaseClass - User Name Provided
[INFO ] 2021-11-20 21:30:34.778 [main] BaseClass - Password Provided
[INFO ] 2021-11-20 21:30:35.146 [main] BaseClass - Login Clicked
[INFO ] 2021-11-20 21:30:35.151 [main] BaseClass - Login passed
[INFO ] 2021-11-20 21:44:23.468 [main] BaseClass - URL is invoked - https://my.crmnext.com/crmnext/login/login
[INFO ] 2021-11-20 21:44:26.228 [main] BaseClass - User Name is entered - ritesh.mittal@crmnext.com
[INFO ] 2021-11-20 21:44:26.304 [main] BaseClass - Password is entered - V_vteam11
[INFO ] 2021-11-20 21:44:29.644 [main] BaseClass - Login Button Clicked
[INFO ] 2021-11-20 21:44:29.668 [main] BaseClass - Login Successful
[INFO ] 2021-11-20 21:44:30.975 [main] BaseClass - URL is invoked - https://my.crmnext.com/crmnext/login/login
[INFO ] 2021-11-20 21:44:33.622 [main] BaseClass - User Name Provided
[INFO ] 2021-11-20 21:44:33.694 [main] BaseClass - Password Provided
[INFO ] 2021-11-20 21:44:35.610 [main] BaseClass - Login Clicked
[INFO ] 2021-11-20 21:44:35.627 [main] BaseClass - Login passed
[INFO ] 2021-11-20 21:44:36.952 [main] BaseClass - User Name Provided
[INFO ] 2021-11-20 21:44:37.009 [main] BaseClass - Password Provided
[INFO ] 2021-11-20 21:44:37.206 [main] BaseClass - Login Clicked
[INFO ] 2021-11-20 21:44:37.321 [main] BaseClass - Login passed
[INFO ] 2021-11-20 21:44:42.643 [main] BaseClass - User Name Provided
[INFO ] 2021-11-20 21:44:42.714 [main] BaseClass - Password Provided
[INFO ] 2021-11-20 21:44:43.878 [main] BaseClass - Login Clicked
[INFO ] 2021-11-20 21:44:43.883 [main] BaseClass - Login passed
[INFO ] 2021-11-20 21:44:45.201 [main] BaseClass - User Name Provided
[INFO ] 2021-11-20 21:44:45.318 [main] BaseClass - Password Provided
[INFO ] 2021-11-20 21:44:45.546 [main] BaseClass - Login Clicked
[INFO ] 2021-11-20 21:44:45.659 [main] BaseClass - Login passed
[INFO ] 2021-11-20 21:44:51.002 [main] BaseClass - User Name Provided
[INFO ] 2021-11-20 21:44:51.074 [main] BaseClass - Password Provided
[INFO ] 2021-11-20 21:44:51.923 [main] BaseClass - Login Clicked
[INFO ] 2021-11-20 21:44:51.928 [main] BaseClass - Login passed
[INFO ] 2021-11-20 21:44:53.586 [main] BaseClass - User Name Provided
[INFO ] 2021-11-20 21:44:53.651 [main] BaseClass - Password Provided
[INFO ] 2021-11-20 21:44:54.492 [main] BaseClass - Login Clicked
[INFO ] 2021-11-20 21:44:54.501 [main] BaseClass - Login passed
[INFO ] 2021-11-20 21:44:55.922 [main] BaseClass - User Name Provided
[INFO ] 2021-11-20 21:44:55.985 [main] BaseClass - Password Provided
[INFO ] 2021-11-20 21:44:56.607 [main] BaseClass - Login Clicked
[INFO ] 2021-11-20 21:44:56.612 [main] BaseClass - Login passed
[INFO ] 2021-11-20 21:44:57.925 [main] BaseClass - User Name Provided
[INFO ] 2021-11-20 21:44:57.979 [main] BaseClass - Password Provided
[INFO ] 2021-11-20 21:44:58.232 [main] BaseClass - Login Clicked
[INFO ] 2021-11-20 21:44:58.241 [main] BaseClass - Login passed
[INFO ] 2021-11-20 21:45:43.415 [main] BaseClass - URL is invoked - https://my.crmnext.com/crmnext/login/login
[INFO ] 2021-11-20 21:45:46.199 [main] BaseClass - User Name is entered - ritesh.mittal@crmnext.com
[INFO ] 2021-11-20 21:45:46.274 [main] BaseClass - Password is entered - V_vteam11
[INFO ] 2021-11-20 21:45:47.877 [main] BaseClass - Login Button Clicked
[INFO ] 2021-11-20 21:45:47.894 [main] BaseClass - Login Successful
[INFO ] 2021-11-20 21:45:49.091 [main] BaseClass - URL is invoked - https://my.crmnext.com/crmnext/login/login
[INFO ] 2021-11-20 21:45:51.933 [main] BaseClass - User Name Provided
[INFO ] 2021-11-20 21:45:51.999 [main] BaseClass - Password Provided
[INFO ] 2021-11-20 21:45:53.593 [main] BaseClass - Login Clicked
[INFO ] 2021-11-20 21:45:53.605 [main] BaseClass - Login passed
[INFO ] 2021-11-20 21:45:54.910 [main] BaseClass - User Name Provided
[INFO ] 2021-11-20 21:45:54.972 [main] BaseClass - Password Provided
[INFO ] 2021-11-20 21:45:55.219 [main] BaseClass - Login Clicked
[INFO ] 2021-11-20 21:45:55.227 [main] BaseClass - Login passed
[INFO ] 2021-11-20 21:46:00.670 [main] BaseClass - User Name Provided
[INFO ] 2021-11-20 21:46:00.739 [main] BaseClass - Password Provided
[INFO ] 2021-11-20 21:46:01.588 [main] BaseClass - Login Clicked
[INFO ] 2021-11-20 21:46:01.597 [main] BaseClass - Login passed
[INFO ] 2021-11-20 21:46:03.056 [main] BaseClass - User Name Provided
[INFO ] 2021-11-20 21:46:03.124 [main] BaseClass - Password Provided
[INFO ] 2021-11-20 21:46:03.351 [main] BaseClass - Login Clicked
[INFO ] 2021-11-20 21:46:03.463 [main] BaseClass - Login passed
[INFO ] 2021-11-20 21:46:08.833 [main] BaseClass - User Name Provided
[INFO ] 2021-11-20 21:46:08.900 [main] BaseClass - Password Provided
[INFO ] 2021-11-20 21:46:09.713 [main] BaseClass - Login Clicked
[INFO ] 2021-11-20 21:46:09.730 [main] BaseClass - Login passed
[INFO ] 2021-11-20 21:46:11.146 [main] BaseClass - User Name Provided
[INFO ] 2021-11-20 21:46:11.210 [main] BaseClass - Password Provided
[INFO ] 2021-11-20 21:46:11.818 [main] BaseClass - Login Clicked
[INFO ] 2021-11-20 21:46:11.835 [main] BaseClass - Login passed
[INFO ] 2021-11-20 21:46:13.786 [main] BaseClass - User Name Provided
[INFO ] 2021-11-20 21:46:13.857 [main] BaseClass - Password Provided
[INFO ] 2021-11-20 21:46:14.456 [main] BaseClass - Login Clicked
[INFO ] 2021-11-20 21:46:14.460 [main] BaseClass - Login passed
[INFO ] 2021-11-20 21:46:16.783 [main] BaseClass - User Name Provided
[INFO ] 2021-11-20 21:46:16.829 [main] BaseClass - Password Provided
[INFO ] 2021-11-20 21:46:17.079 [main] BaseClass - Login Clicked
[INFO ] 2021-11-20 21:46:17.195 [main] BaseClass - Login passed
[INFO ] 2021-11-21 11:13:20.366 [main] BaseClass - URL is invoked - https://my.crmnext.com/crmnext/login/login
[INFO ] 2021-11-21 11:13:26.319 [main] BaseClass - User Name is entered - ritesh.mittal@crmnext.com
[INFO ] 2021-11-21 11:13:26.396 [main] BaseClass - Password is entered - V_vteam11
[INFO ] 2021-11-21 11:13:28.086 [main] BaseClass - Login Button Clicked
[INFO ] 2021-11-21 11:13:28.103 [main] BaseClass - Login Successful
[INFO ] 2021-11-21 11:13:29.346 [main] BaseClass - URL is invoked - https://my.crmnext.com/crmnext/login/login
[INFO ] 2021-11-21 14:34:39.256 [main] BaseClass - URL is invoked - https://my.crmnext.com/crmnext/login/login
[INFO ] 2021-11-21 14:34:43.205 [main] BaseClass - User Name is entered - ritesh.mittal@crmnext.com
[INFO ] 2021-11-21 14:34:43.283 [main] BaseClass - Password is entered - V_vteam11
[INFO ] 2021-11-21 14:34:44.994 [main] BaseClass - Login Button Clicked
[INFO ] 2021-11-21 14:34:45.019 [main] BaseClass - Login Successful
[INFO ] 2021-11-21 14:34:46.607 [main] BaseClass - URL is invoked - https://my.crmnext.com/crmnext/login/login
